<component name="ProjectRunConfigurationManager">
  <configuration default="false" name="test-compile e2e-tests" type="MavenRunConfiguration" factoryName="Maven">
    <MavenSettings>
      <option name="myGeneralSettings" />
      <option name="myRunnerSettings" />
      <option name="myRunnerParameters">
        <MavenRunnerParameters>
          <option name="cmdOptions" />
          <option name="profiles">
            <set />
          </option>
          <option name="goals">
            <list>
              <option value="compiler:testCompile" />
              <option value="resources:testResources" />
            </list>
          </option>
          <option name="multimoduleDir" />
          <option name="pomFileName" />
          <option name="profilesMap">
            <map />
          </option>
          <option name="projectsCmdOptionValues">
            <list />
          </option>
          <option name="resolveToWorkspace" value="false" />
          <option name="workingDirPath" value="$PROJECT_DIR$/e2e-tests" />
        </MavenRunnerParameters>
      </option>
    </MavenSettings>
    <method v="2" />
  </configuration>
</component>